<?xml version="1.0" encoding="utf-8"?><testsuites name="pytest tests"><testsuite name="pytest" errors="0" failures="1" skipped="0" tests="13" time="2.812" timestamp="2026-03-09T22:41:07.739275+00:00" hostname="agent-env-1ae180d6-ea41-4628-872e-ee4414c4b2fd"><testcase classname="tests.test_new_features.TestHealthAndBasicEndpoints" name="test_api_health" time="0.128" /><testcase classname="tests.test_new_features.TestHealthAndBasicEndpoints" name="test_api_root" time="0.124" /><testcase classname="tests.test_new_features.TestVideoProviders" name="test_video_providers_endpoint" time="0.152" /><testcase classname="tests.test_new_features.TestGDPREndpoints" name="test_gdpr_export_requires_auth" time="0.120" /><testcase classname="tests.test_new_features.TestGDPREndpoints" name="test_gdpr_delete_requires_auth" time="0.109" /><testcase classname="tests.test_new_features.TestGDPREndpoints" name="test_gdpr_deletion_status_requires_auth" time="0.131" /><testcase classname="tests.test_new_features.TestGDPREndpoints" name="test_gdpr_export_with_auth" time="0.527" /><testcase classname="tests.test_new_features.TestGDPREndpoints" name="test_gdpr_deletion_status_with_auth" time="0.449"><failure message="assert 404 == 200&#10; +  where 404 = &lt;Response [404]&gt;.status_code">tests/test_new_features.py:129: in test_gdpr_deletion_status_with_auth
    assert response.status_code == 200
E   assert 404 == 200
E    +  where 404 = &lt;Response [404]&gt;.status_code</failure></testcase><testcase classname="tests.test_new_features.TestVideoLinkEndpoints" name="test_video_link_requires_auth" time="0.110" /><testcase classname="tests.test_new_features.TestVideoLinkEndpoints" name="test_video_link_get_requires_auth" time="0.118" /><testcase classname="tests.test_new_features.TestVideoLinkEndpoints" name="test_video_link_nonexistent_appointment" time="0.491" /><testcase classname="tests.test_new_features.TestLegalPagesRoutes" name="test_terms_page_accessible" time="0.146" /><testcase classname="tests.test_new_features.TestLegalPagesRoutes" name="test_privacy_page_accessible" time="0.126" /></testsuite></testsuites>