<?xml version="1.0" encoding="utf-8"?><testsuites name="pytest tests"><testsuite name="pytest" errors="0" failures="0" skipped="0" tests="13" time="2.773" timestamp="2026-03-09T22:43:42.098542+00:00" hostname="agent-env-1ae180d6-ea41-4628-872e-ee4414c4b2fd"><testcase classname="tests.test_new_features.TestHealthAndBasicEndpoints" name="test_api_health" time="0.221" /><testcase classname="tests.test_new_features.TestHealthAndBasicEndpoints" name="test_api_root" time="0.126" /><testcase classname="tests.test_new_features.TestVideoProviders" name="test_video_providers_endpoint" time="0.114" /><testcase classname="tests.test_new_features.TestGDPREndpoints" name="test_gdpr_export_requires_auth" time="0.123" /><testcase classname="tests.test_new_features.TestGDPREndpoints" name="test_gdpr_delete_requires_auth" time="0.122" /><testcase classname="tests.test_new_features.TestGDPREndpoints" name="test_gdpr_deletion_status_requires_auth" time="0.109" /><testcase classname="tests.test_new_features.TestGDPREndpoints" name="test_gdpr_export_with_auth" time="0.463" /><testcase classname="tests.test_new_features.TestGDPREndpoints" name="test_gdpr_deletion_status_with_auth" time="0.549" /><testcase classname="tests.test_new_features.TestVideoLinkEndpoints" name="test_video_link_requires_auth" time="0.108" /><testcase classname="tests.test_new_features.TestVideoLinkEndpoints" name="test_video_link_get_requires_auth" time="0.100" /><testcase classname="tests.test_new_features.TestVideoLinkEndpoints" name="test_video_link_nonexistent_appointment" time="0.454" /><testcase classname="tests.test_new_features.TestLegalPagesRoutes" name="test_terms_page_accessible" time="0.119" /><testcase classname="tests.test_new_features.TestLegalPagesRoutes" name="test_privacy_page_accessible" time="0.113" /></testsuite></testsuites>