<?xml version="1.0" encoding="utf-8"?><testsuites name="pytest tests"><testsuite name="pytest" errors="0" failures="2" skipped="7" tests="10" time="1.644" timestamp="2026-03-30T23:27:23.839314+00:00" hostname="agent-env-1ae180d6-ea41-4628-872e-ee4414c4b2fd"><testcase classname="backend.tests.test_video_meeting.TestVideoProviders" name="test_video_providers_endpoint" time="0.222" /><testcase classname="backend.tests.test_video_meeting.TestAppointmentVideoLink" name="test_client_login" time="0.114"><failure message="assert 401 == 200&#10; +  where 401 = &lt;Response [401]&gt;.status_code">backend/tests/test_video_meeting.py:76: in test_client_login
    assert response.status_code == 200
E   assert 401 == 200
E    +  where 401 = &lt;Response [401]&gt;.status_code</failure></testcase><testcase classname="backend.tests.test_video_meeting.TestAppointmentVideoLink" name="test_provider_login" time="0.154"><failure message="assert 401 == 200&#10; +  where 401 = &lt;Response [401]&gt;.status_code">backend/tests/test_video_meeting.py:90: in test_provider_login
    assert response.status_code == 200
E   assert 401 == 200
E    +  where 401 = &lt;Response [401]&gt;.status_code</failure></testcase><testcase classname="backend.tests.test_video_meeting.TestAppointmentVideoLink" name="test_appointment_creation_generates_video_link" time="0.157"><skipped type="pytest.skip" message="Client login failed: {&quot;detail&quot;:&quot;Invalid email or password&quot;}">/app/backend/tests/test_video_meeting.py:98: Client login failed: {"detail":"Invalid email or password"}</skipped></testcase><testcase classname="backend.tests.test_video_meeting.TestAppointmentVideoLink" name="test_get_appointment_includes_video_link" time="0.120"><skipped type="pytest.skip" message="Client login failed: {&quot;detail&quot;:&quot;Invalid email or password&quot;}">/app/backend/tests/test_video_meeting.py:138: Client login failed: {"detail":"Invalid email or password"}</skipped></testcase><testcase classname="backend.tests.test_video_meeting.TestAppointmentVideoLink" name="test_join_appointment_returns_video_link" time="0.155"><skipped type="pytest.skip" message="Client login failed: {&quot;detail&quot;:&quot;Invalid email or password&quot;}">/app/backend/tests/test_video_meeting.py:182: Client login failed: {"detail":"Invalid email or password"}</skipped></testcase><testcase classname="backend.tests.test_video_meeting.TestProviderAppointments" name="test_provider_today_appointments" time="0.097"><skipped type="pytest.skip" message="Provider login failed: {&quot;detail&quot;:&quot;Invalid email or password&quot;}">/app/backend/tests/test_video_meeting.py:241: Provider login failed: {"detail":"Invalid email or password"}</skipped></testcase><testcase classname="backend.tests.test_video_meeting.TestClientAppointments" name="test_client_appointments_list" time="0.117"><skipped type="pytest.skip" message="Client login failed: {&quot;detail&quot;:&quot;Invalid email or password&quot;}">/app/backend/tests/test_video_meeting.py:281: Client login failed: {"detail":"Invalid email or password"}</skipped></testcase><testcase classname="backend.tests.test_video_meeting.TestClientAppointments" name="test_client_confirmed_appointments" time="0.197"><skipped type="pytest.skip" message="Client login failed: {&quot;detail&quot;:&quot;Invalid email or password&quot;}">/app/backend/tests/test_video_meeting.py:304: Client login failed: {"detail":"Invalid email or password"}</skipped></testcase><testcase classname="backend.tests.test_video_meeting.TestVideoLinkFormat" name="test_different_appointments_get_different_links" time="0.108"><skipped type="pytest.skip" message="Client login failed: {&quot;detail&quot;:&quot;Invalid email or password&quot;}">/app/backend/tests/test_video_meeting.py:344: Client login failed: {"detail":"Invalid email or password"}</skipped></testcase></testsuite></testsuites>