<?xml version="1.0" encoding="utf-8"?><testsuites name="pytest tests"><testsuite name="pytest" errors="0" failures="0" skipped="0" tests="8" time="3.568" timestamp="2026-03-04T17:43:34.487070+00:00" hostname="agent-env-1ae180d6-ea41-4628-872e-ee4414c4b2fd"><testcase classname="backend.tests.test_refinement_features.TestSecureMessaging" name="test_security_info_endpoint_returns_encryption_status" time="0.338" /><testcase classname="backend.tests.test_refinement_features.TestProviderDashboard" name="test_dashboard_stats_endpoint" time="0.484" /><testcase classname="backend.tests.test_refinement_features.TestProviderDashboard" name="test_dashboard_includes_active_clients" time="0.474" /><testcase classname="backend.tests.test_refinement_features.TestInviteCodes" name="test_generate_invite_code" time="0.502" /><testcase classname="backend.tests.test_refinement_features.TestInviteCodes" name="test_get_invite_codes" time="0.473" /><testcase classname="backend.tests.test_refinement_features.TestBusinessSettings" name="test_get_business_settings" time="0.533" /><testcase classname="backend.tests.test_refinement_features.TestBusinessSettings" name="test_update_business_settings" time="0.487" /><testcase classname="backend.tests.test_refinement_features.TestHealthCheck" name="test_api_health" time="0.103" /></testsuite></testsuites>