<?xml version="1.0" encoding="utf-8"?><testsuites name="pytest tests"><testsuite name="pytest" errors="0" failures="4" skipped="0" tests="10" time="5.453" timestamp="2026-03-30T23:29:55.412116+00:00" hostname="agent-env-1ae180d6-ea41-4628-872e-ee4414c4b2fd"><testcase classname="backend.tests.test_video_meeting.TestVideoProviders" name="test_video_providers_endpoint" time="0.208" /><testcase classname="backend.tests.test_video_meeting.TestAppointmentVideoLink" name="test_client_login" time="0.371" /><testcase classname="backend.tests.test_video_meeting.TestAppointmentVideoLink" name="test_provider_login" time="0.326" /><testcase classname="backend.tests.test_video_meeting.TestAppointmentVideoLink" name="test_appointment_creation_generates_video_link" time="0.784"><failure message="AssertionError: Failed to create appointment: {&quot;detail&quot;:[{&quot;type&quot;:&quot;missing&quot;,&quot;loc&quot;:[&quot;body&quot;,&quot;amount&quot;],&quot;msg&quot;:&quot;Field required&quot;,&quot;input&quot;:{&quot;clientId&quot;:&quot;user_640a77c2d89f&quot;,&quot;providerId&quot;:&quot;user_8ce9988aa53c&quot;,&quot;date&quot;:&quot;2026-03-30&quot;,&quot;time&quot;:&quot;23:34&quot;,&quot;type&quot;:&quot;Video Consultation&quot;,&quot;duration&quot;:30,&quot;notes&quot;:&quot;Test appointment for video meeting&quot;},&quot;url&quot;:&quot;https://errors.pydantic.dev/2.12/v/missing&quot;}]}&#10;assert 422 == 200&#10; +  where 422 = &lt;Response [422]&gt;.status_code">backend/tests/test_video_meeting.py:127: in test_appointment_creation_generates_video_link
    assert response.status_code == 200, f"Failed to create appointment: {response.text}"
E   AssertionError: Failed to create appointment: {"detail":[{"type":"missing","loc":["body","amount"],"msg":"Field required","input":{"clientId":"user_640a77c2d89f","providerId":"user_8ce9988aa53c","date":"2026-03-30","time":"23:34","type":"Video Consultation","duration":30,"notes":"Test appointment for video meeting"},"url":"https://errors.pydantic.dev/2.12/v/missing"}]}
E   assert 422 == 200
E    +  where 422 = &lt;Response [422]&gt;.status_code</failure></testcase><testcase classname="backend.tests.test_video_meeting.TestAppointmentVideoLink" name="test_get_appointment_includes_video_link" time="0.770"><failure message="assert 422 == 200&#10; +  where 422 = &lt;Response [422]&gt;.status_code">backend/tests/test_video_meeting.py:165: in test_get_appointment_includes_video_link
    assert create_response.status_code == 200
E   assert 422 == 200
E    +  where 422 = &lt;Response [422]&gt;.status_code</failure></testcase><testcase classname="backend.tests.test_video_meeting.TestAppointmentVideoLink" name="test_join_appointment_returns_video_link" time="0.782"><failure message="assert 422 == 200&#10; +  where 422 = &lt;Response [422]&gt;.status_code">backend/tests/test_video_meeting.py:209: in test_join_appointment_returns_video_link
    assert create_response.status_code == 200
E   assert 422 == 200
E    +  where 422 = &lt;Response [422]&gt;.status_code</failure></testcase><testcase classname="backend.tests.test_video_meeting.TestProviderAppointments" name="test_provider_today_appointments" time="0.426" /><testcase classname="backend.tests.test_video_meeting.TestClientAppointments" name="test_client_appointments_list" time="0.445" /><testcase classname="backend.tests.test_video_meeting.TestClientAppointments" name="test_client_confirmed_appointments" time="0.448" /><testcase classname="backend.tests.test_video_meeting.TestVideoLinkFormat" name="test_different_appointments_get_different_links" time="0.801"><failure message="assert 422 == 200&#10; +  where 422 = &lt;Response [422]&gt;.status_code">backend/tests/test_video_meeting.py:374: in test_different_appointments_get_different_links
    assert response.status_code == 200
E   assert 422 == 200
E    +  where 422 = &lt;Response [422]&gt;.status_code</failure></testcase></testsuite></testsuites>